[2022-11-25 20:58:30] root: INFO: Starting Flye 2.9.1-b1780
[2022-11-25 20:58:30] root: DEBUG: Cmd: /home/cinnet/Desktop/Website/Lymra-Ont/.snakemake/conda/97b417a583355458b412a15728aaaa8f_/bin/flye --nano-corr trimmed/sample_01_viral_reads.fastq --out-dir assembly/flye_sample_01 --genome-size 0.2m --meta -t 8
[2022-11-25 20:58:30] root: DEBUG: Python version: 3.10.8 | packaged by conda-forge | (main, Nov 22 2022, 08:23:14) [GCC 10.4.0]
[2022-11-25 20:58:30] root: INFO: >>>STAGE: configure
[2022-11-25 20:58:30] root: INFO: Configuring run
[2022-11-25 20:58:30] root: INFO: Total read length: 13595653
[2022-11-25 20:58:30] root: INFO: Input genome size: 200000
[2022-11-25 20:58:30] root: INFO: Estimated coverage: 67
[2022-11-25 20:58:30] root: INFO: Reads N50/N90: 9353 / 2682
[2022-11-25 20:58:30] root: INFO: Minimum overlap set to 3000
[2022-11-25 20:58:30] root: INFO: >>>STAGE: assembly
[2022-11-25 20:58:30] root: INFO: Assembling disjointigs
[2022-11-25 20:58:30] root: DEBUG: -----Begin assembly log------
[2022-11-25 20:58:30] root: DEBUG: Running: flye-modules assemble --reads /home/cinnet/Desktop/Website/Lymra-Ont/trimmed/sample_01_viral_reads.fastq --out-asm /home/cinnet/Desktop/Website/Lymra-Ont/assembly/flye_sample_01/00-assembly/draft_assembly.fasta --config /home/cinnet/Desktop/Website/Lymra-Ont/.snakemake/conda/97b417a583355458b412a15728aaaa8f_/lib/python3.10/site-packages/flye/config/bin_cfg/asm_corrected_reads.cfg --log /home/cinnet/Desktop/Website/Lymra-Ont/assembly/flye_sample_01/flye.log --threads 8 --meta --genome-size 200000 --min-ovlp 3000
[2022-11-25 20:58:30] DEBUG: Build date: Aug 15 2022 20:38:21
[2022-11-25 20:58:30] DEBUG: Total RAM: 15 Gb
[2022-11-25 20:58:30] DEBUG: Available RAM: 9 Gb
[2022-11-25 20:58:30] DEBUG: Total CPUs: 16
[2022-11-25 20:58:30] DEBUG: Loading /home/cinnet/Desktop/Website/Lymra-Ont/.snakemake/conda/97b417a583355458b412a15728aaaa8f_/lib/python3.10/site-packages/flye/config/bin_cfg/asm_corrected_reads.cfg
[2022-11-25 20:58:30] DEBUG: Loading /home/cinnet/Desktop/Website/Lymra-Ont/.snakemake/conda/97b417a583355458b412a15728aaaa8f_/lib/python3.10/site-packages/flye/config/bin_cfg/asm_defaults.cfg
[2022-11-25 20:58:30] DEBUG: 	big_genome_threshold=29000000
[2022-11-25 20:58:30] DEBUG: 	meta_read_filter_kmer_freq=100
[2022-11-25 20:58:30] DEBUG: 	chain_large_gap_penalty=2
[2022-11-25 20:58:30] DEBUG: 	chain_small_gap_penalty=0.5
[2022-11-25 20:58:30] DEBUG: 	chain_gap_jump_threshold=100
[2022-11-25 20:58:30] DEBUG: 	max_coverage_drop_rate=5
[2022-11-25 20:58:30] DEBUG: 	max_extensions_drop_rate=5
[2022-11-25 20:58:30] DEBUG: 	chimera_window=100
[2022-11-25 20:58:30] DEBUG: 	chimera_overhang=1000
[2022-11-25 20:58:30] DEBUG: 	min_reads_in_disjointig=4
[2022-11-25 20:58:30] DEBUG: 	max_inner_reads=10
[2022-11-25 20:58:30] DEBUG: 	max_inner_fraction=0.25
[2022-11-25 20:58:30] DEBUG: 	max_separation=500
[2022-11-25 20:58:30] DEBUG: 	unique_edge_length=50000
[2022-11-25 20:58:30] DEBUG: 	min_repeat_res_support=0.51
[2022-11-25 20:58:30] DEBUG: 	out_paths_ratio=5
[2022-11-25 20:58:30] DEBUG: 	graph_cov_drop_rate=5
[2022-11-25 20:58:30] DEBUG: 	coverage_estimate_window=100
[2022-11-25 20:58:30] DEBUG: 	max_bubble_length=50000
[2022-11-25 20:58:30] DEBUG: 	loop_coverage_rate=1.5
[2022-11-25 20:58:30] DEBUG: 	repeat_edge_cov_mult=1.75
[2022-11-25 20:58:30] DEBUG: 	weak_detach_rate=5
[2022-11-25 20:58:30] DEBUG: 	tip_coverage_rate=2
[2022-11-25 20:58:30] DEBUG: 	tip_length_rate=2
[2022-11-25 20:58:30] DEBUG: 	output_gfa_before_rr=0
[2022-11-25 20:58:30] DEBUG: 	remove_alt_edges=0
[2022-11-25 20:58:30] DEBUG: 	low_cutoff_warning=0
[2022-11-25 20:58:30] DEBUG: 	kmer_size=17
[2022-11-25 20:58:30] DEBUG: 	use_minimizers=1
[2022-11-25 20:58:30] DEBUG: 	minimizer_window=5
[2022-11-25 20:58:30] DEBUG: 	reads_base_alignment=1
[2022-11-25 20:58:30] DEBUG: 	meta_read_top_kmer_rate=0.75
[2022-11-25 20:58:30] DEBUG: 	maximum_jump=1500
[2022-11-25 20:58:30] DEBUG: 	maximum_overhang=500
[2022-11-25 20:58:30] DEBUG: 	repeat_kmer_rate=100
[2022-11-25 20:58:30] DEBUG: 	assemble_ovlp_divergence=0.03
[2022-11-25 20:58:30] DEBUG: 	assemble_divergence_relative=1
[2022-11-25 20:58:30] DEBUG: 	repeat_graph_ovlp_divergence=0.03
[2022-11-25 20:58:30] DEBUG: 	read_align_ovlp_divergence=0.10
[2022-11-25 20:58:30] DEBUG: 	hpc_scoring_on=1
[2022-11-25 20:58:30] DEBUG: 	add_unassembled_reads=0
[2022-11-25 20:58:30] DEBUG: 	extend_contigs_with_repeats=0
[2022-11-25 20:58:30] DEBUG: 	min_read_cov_cutoff=3
[2022-11-25 20:58:30] DEBUG: 	short_tip_length=10000
[2022-11-25 20:58:30] DEBUG: 	long_tip_length=100000
[2022-11-25 20:58:30] DEBUG: Running with k-mer size: 17
[2022-11-25 20:58:30] DEBUG: Running with minimum overlap 3000
[2022-11-25 20:58:30] DEBUG: Metagenome mode: Y
[2022-11-25 20:58:30] DEBUG: Short mode: N
[2022-11-25 20:58:30] INFO: Reading sequences
[2022-11-25 20:58:30] DEBUG: Building positional index
[2022-11-25 20:58:30] DEBUG: Total sequence: 11960150 bp
[2022-11-25 20:58:30] INFO: Building minimizer index
[2022-11-25 20:58:30] INFO: Pre-calculating index storage
[2022-11-25 20:58:31] DEBUG: Mean k-mer frequency: 1.17201
[2022-11-25 20:58:31] DEBUG: Repetitive k-mer frequency: 117
[2022-11-25 20:58:31] DEBUG: Filtered 173039 repetitive k-mers (0.0435003)
[2022-11-25 20:58:31] INFO: Filling index
[2022-11-25 20:58:31] DEBUG: Sorting k-mer index
[2022-11-25 20:58:31] DEBUG: Selected k-mers: 3393589
[2022-11-25 20:58:31] DEBUG: K-mer index size: 3804841
[2022-11-25 20:58:31] DEBUG: Mean k-mer frequency: 1.12118
[2022-11-25 20:58:31] DEBUG: Minimizer rate: 3.1434
[2022-11-25 20:58:31] DEBUG: Peak RAM usage: 0 Gb
[2022-11-25 20:58:31] DEBUG: Estimating k-mer identity bias
[2022-11-25 20:58:31] DEBUG: Initial divergence estimate : 0.192754
[2022-11-25 20:58:31] DEBUG: Relative threshold: Y
[2022-11-25 20:58:31] DEBUG: Max divergence threshold set to 0.222754
[2022-11-25 20:58:31] INFO: Extending reads
[2022-11-25 20:58:31] DEBUG: Estimating overlap coverage
[2022-11-25 20:58:35] INFO: Overlap-based coverage: 0
[2022-11-25 20:58:35] INFO: Median overlap divergence: 0.17739
[2022-11-25 20:58:35] DEBUG: Sequence divergence distribution: 

    |                                            |                          *                            
    |                                            |                          *                            
    |                                            |                          *                            
    |                                            |                          *                            
    |                                            |                          *                            
    |         *                                  |                          *                            
    |         *                                  |                          *                            
    |         *                                  |                          *                            
    |         *                                  |                          *                            
    |         *                                  |                          *                            
    |         *                                  |                          *                            
    |         *        * *    *  *  *    *       |      *                  **  *                         
    |         *        * *    *  *  *    *       |      *                  **  *                         
    |         *        * *    *  *  *    *       |      *                  **  *                         
    |         ***      ***   ** ***** * **       *      *     *            **  *  *  *                *  
    |         ***      ***   ** ***** * **       *      *     *            **  *  *  *                *  
    |         ***      ***   ** ***** * **       *      *     *            **  *  *  *                *  
    |        ****  **  **************** ****     * *  ***     * *    **  ****  *  * **  *             *  
    |        ****  **  **************** ****     * *  ***     * *    **  ****  *  * **  *             *  
    |        ****  **  **************** ****     * *  ***     * *    **  ****  *  * **  *             *  
    ----------------------------------------------------------------------------------------------------
    0%        5%        10%       15%       20%       25%       30%       35%       40%       45%       

    Q25 = 0.12, Q50 = 0.18, Q75 = 0.35

[2022-11-25 20:58:35] DEBUG: Assembled disjointig 1
	With 2 reads
	Start read: +d4e11853-6e58-42a9-b3e7-2cd41b44f9e2
	At position: 1
	leftTip: 1 rightTip: 1
	Suspicious: 1
	Short ext: 0
	Mean extensions: 1
	Avg overlap len: 13197
	Min overlap len: 13197
	Inner reads: 0
	Length: 33379
[2022-11-25 20:58:35] DEBUG: Inner: 8 covered: 296 total: 2718
[2022-11-25 20:58:36] DEBUG: Assembled disjointig 2
	With 1 reads
	Start read: +98a37aef-7fb7-450a-9073-9d8a84e93683
	At position: 1
	leftTip: 1 rightTip: 1
	Suspicious: 0
	Short ext: 0
	Mean extensions: 0
	Avg overlap len: 0
	Min overlap len: 0
	Inner reads: 0
	Length: 5989
[2022-11-25 20:58:36] DEBUG: Inner: 12 covered: 354 total: 2718
[2022-11-25 20:58:36] DEBUG: Assembled disjointig 3
	With 2 reads
	Start read: +20d32523-0ae2-4390-9188-0683aa3ab995
	At position: 2
	leftTip: 1 rightTip: 1
	Suspicious: 1
	Short ext: 0
	Mean extensions: 0
	Avg overlap len: 3183
	Min overlap len: 3183
	Inner reads: 0
	Length: 10288
[2022-11-25 20:58:36] DEBUG: Inner: 16 covered: 634 total: 2718
[2022-11-25 20:58:36] DEBUG: Assembled disjointig 4
	With 1 reads
	Start read: +022f6385-4e31-4226-8829-b3f811a70f07
	At position: 1
	leftTip: 1 rightTip: 1
	Suspicious: 0
	Short ext: 0
	Mean extensions: 0
	Avg overlap len: 0
	Min overlap len: 0
	Inner reads: 0
	Length: 4962
[2022-11-25 20:58:36] DEBUG: Inner: 20 covered: 766 total: 2718
[2022-11-25 20:58:36] DEBUG: Assembled disjointig 5
	With 2 reads
	Start read: +b66a5e03-1302-4693-8ccb-65a38626feb1
	At position: 2
	leftTip: 1 rightTip: 1
	Suspicious: 1
	Short ext: 0
	Mean extensions: 0
	Avg overlap len: 4086
	Min overlap len: 4086
	Inner reads: 0
	Length: 7267
[2022-11-25 20:58:36] DEBUG: Inner: 24 covered: 774 total: 2718
[2022-11-25 20:58:36] DEBUG: Assembled disjointig 6
	With 1 reads
	Start read: +ea0ef6f1-fada-4e41-ba57-ef7cd688b134_1
	At position: 1
	leftTip: 1 rightTip: 1
	Suspicious: 0
	Short ext: 0
	Mean extensions: 0
	Avg overlap len: 0
	Min overlap len: 0
	Inner reads: 0
	Length: 7488
[2022-11-25 20:58:36] DEBUG: Inner: 28 covered: 934 total: 2718
[2022-11-25 20:58:36] DEBUG: Assembled disjointig 7
	With 2 reads
	Start read: +40253591-efb4-463e-89d9-62cd65b1dde4
	At position: 2
	leftTip: 1 rightTip: 1
	Suspicious: 1
	Short ext: 0
	Mean extensions: 0
	Avg overlap len: 6482
	Min overlap len: 6482
	Inner reads: 0
	Length: 16549
[2022-11-25 20:58:36] DEBUG: Inner: 32 covered: 2189 total: 2718
[2022-11-25 20:58:36] DEBUG: Assembled disjointig 8
	With 2 reads
	Start read: +3dca8e39-dd07-4e4d-ac66-d919fb59a5b6
	At position: 1
	leftTip: 1 rightTip: 1
	Suspicious: 1
	Short ext: 0
	Mean extensions: 1
	Avg overlap len: 3068
	Min overlap len: 3068
	Inner reads: 0
	Length: 5872
[2022-11-25 20:58:36] DEBUG: Inner: 36 covered: 2536 total: 2718
[2022-11-25 20:58:36] DEBUG: Assembled disjointig 9
	With 3 reads
	Start read: +43129c6f-2eb4-4591-82b0-4f8a5d105902
	At position: 2
	leftTip: 1 rightTip: 0
	Suspicious: 2
	Short ext: 2
	Mean extensions: 1
	Avg overlap len: 1535
	Min overlap len: 1263
	Inner reads: 0
	Length: 13780
[2022-11-25 20:58:36] DEBUG: Inner: 42 covered: 2696 total: 2718
[2022-11-25 20:58:37] INFO: Assembled 9 disjointigs
[2022-11-25 20:58:37] INFO: Generating sequence
[2022-11-25 20:58:37] DEBUG: Building positional index
[2022-11-25 20:58:37] DEBUG: Total sequence: 105488 bp
[2022-11-25 20:58:37] DEBUG: Mean k-mer frequency: 1.14096
[2022-11-25 20:58:37] DEBUG: Repetitive k-mer frequency: 114
[2022-11-25 20:58:37] DEBUG: Filtered 0 repetitive k-mers (0)
[2022-11-25 20:58:37] DEBUG: Sorting k-mer index
[2022-11-25 20:58:37] DEBUG: Selected k-mers: 30801
[2022-11-25 20:58:37] DEBUG: K-mer index size: 35144
[2022-11-25 20:58:37] DEBUG: Mean k-mer frequency: 1.141
[2022-11-25 20:58:37] DEBUG: Minimizer rate: 3.00159
[2022-11-25 20:58:37] INFO: Filtering contained disjointigs
[2022-11-25 20:58:37] DEBUG: Computing transitive closure for overlaps
[2022-11-25 20:58:37] DEBUG: Found 0 overlaps
[2022-11-25 20:58:37] DEBUG: Left 0 overlaps after filtering
[2022-11-25 20:58:37] INFO: Contained seqs: 0
[2022-11-25 20:58:37] DEBUG: Writing FASTA
[2022-11-25 20:58:37] DEBUG: Peak RAM usage: 0 Gb
-----------End assembly log------------
[2022-11-25 20:58:37] root: DEBUG: Disjointigs length: 105488, N50: 13781
[2022-11-25 20:58:37] root: INFO: >>>STAGE: consensus
[2022-11-25 20:58:37] root: INFO: Running Minimap2
[2022-11-25 20:58:45] root: INFO: Computing consensus
[2022-11-25 20:58:46] root: INFO: Alignment error rate: 0.155525
[2022-11-25 20:58:46] root: INFO: >>>STAGE: repeat
[2022-11-25 20:58:46] root: INFO: Building and resolving repeat graph
[2022-11-25 20:58:46] root: DEBUG: -----Begin repeat analyser log------
[2022-11-25 20:58:46] root: DEBUG: Running: flye-modules repeat --disjointigs /home/cinnet/Desktop/Website/Lymra-Ont/assembly/flye_sample_01/10-consensus/consensus.fasta --reads /home/cinnet/Desktop/Website/Lymra-Ont/trimmed/sample_01_viral_reads.fastq --out-dir /home/cinnet/Desktop/Website/Lymra-Ont/assembly/flye_sample_01/20-repeat --config /home/cinnet/Desktop/Website/Lymra-Ont/.snakemake/conda/97b417a583355458b412a15728aaaa8f_/lib/python3.10/site-packages/flye/config/bin_cfg/asm_corrected_reads.cfg --log /home/cinnet/Desktop/Website/Lymra-Ont/assembly/flye_sample_01/flye.log --threads 8 --meta --min-ovlp 3000
[2022-11-25 20:58:46] DEBUG: Build date: Aug 15 2022 20:38:50
[2022-11-25 20:58:46] DEBUG: Total RAM: 15 Gb
[2022-11-25 20:58:46] DEBUG: Available RAM: 9 Gb
[2022-11-25 20:58:46] DEBUG: Total CPUs: 16
[2022-11-25 20:58:46] DEBUG: Loading /home/cinnet/Desktop/Website/Lymra-Ont/.snakemake/conda/97b417a583355458b412a15728aaaa8f_/lib/python3.10/site-packages/flye/config/bin_cfg/asm_corrected_reads.cfg
[2022-11-25 20:58:46] DEBUG: Loading /home/cinnet/Desktop/Website/Lymra-Ont/.snakemake/conda/97b417a583355458b412a15728aaaa8f_/lib/python3.10/site-packages/flye/config/bin_cfg/asm_defaults.cfg
[2022-11-25 20:58:46] DEBUG: 	big_genome_threshold=29000000
[2022-11-25 20:58:46] DEBUG: 	meta_read_filter_kmer_freq=100
[2022-11-25 20:58:46] DEBUG: 	chain_large_gap_penalty=2
[2022-11-25 20:58:46] DEBUG: 	chain_small_gap_penalty=0.5
[2022-11-25 20:58:46] DEBUG: 	chain_gap_jump_threshold=100
[2022-11-25 20:58:46] DEBUG: 	max_coverage_drop_rate=5
[2022-11-25 20:58:46] DEBUG: 	max_extensions_drop_rate=5
[2022-11-25 20:58:46] DEBUG: 	chimera_window=100
[2022-11-25 20:58:46] DEBUG: 	chimera_overhang=1000
[2022-11-25 20:58:46] DEBUG: 	min_reads_in_disjointig=4
[2022-11-25 20:58:46] DEBUG: 	max_inner_reads=10
[2022-11-25 20:58:46] DEBUG: 	max_inner_fraction=0.25
[2022-11-25 20:58:46] DEBUG: 	max_separation=500
[2022-11-25 20:58:46] DEBUG: 	unique_edge_length=50000
[2022-11-25 20:58:46] DEBUG: 	min_repeat_res_support=0.51
[2022-11-25 20:58:46] DEBUG: 	out_paths_ratio=5
[2022-11-25 20:58:46] DEBUG: 	graph_cov_drop_rate=5
[2022-11-25 20:58:46] DEBUG: 	coverage_estimate_window=100
[2022-11-25 20:58:46] DEBUG: 	max_bubble_length=50000
[2022-11-25 20:58:46] DEBUG: 	loop_coverage_rate=1.5
[2022-11-25 20:58:46] DEBUG: 	repeat_edge_cov_mult=1.75
[2022-11-25 20:58:46] DEBUG: 	weak_detach_rate=5
[2022-11-25 20:58:46] DEBUG: 	tip_coverage_rate=2
[2022-11-25 20:58:46] DEBUG: 	tip_length_rate=2
[2022-11-25 20:58:46] DEBUG: 	output_gfa_before_rr=0
[2022-11-25 20:58:46] DEBUG: 	remove_alt_edges=0
[2022-11-25 20:58:46] DEBUG: 	low_cutoff_warning=0
[2022-11-25 20:58:46] DEBUG: 	kmer_size=17
[2022-11-25 20:58:46] DEBUG: 	use_minimizers=1
[2022-11-25 20:58:46] DEBUG: 	minimizer_window=5
[2022-11-25 20:58:46] DEBUG: 	reads_base_alignment=1
[2022-11-25 20:58:46] DEBUG: 	meta_read_top_kmer_rate=0.75
[2022-11-25 20:58:46] DEBUG: 	maximum_jump=1500
[2022-11-25 20:58:46] DEBUG: 	maximum_overhang=500
[2022-11-25 20:58:46] DEBUG: 	repeat_kmer_rate=100
[2022-11-25 20:58:46] DEBUG: 	assemble_ovlp_divergence=0.03
[2022-11-25 20:58:46] DEBUG: 	assemble_divergence_relative=1
[2022-11-25 20:58:46] DEBUG: 	repeat_graph_ovlp_divergence=0.03
[2022-11-25 20:58:46] DEBUG: 	read_align_ovlp_divergence=0.10
[2022-11-25 20:58:46] DEBUG: 	hpc_scoring_on=1
[2022-11-25 20:58:46] DEBUG: 	add_unassembled_reads=0
[2022-11-25 20:58:46] DEBUG: 	extend_contigs_with_repeats=0
[2022-11-25 20:58:46] DEBUG: 	min_read_cov_cutoff=3
[2022-11-25 20:58:46] DEBUG: 	short_tip_length=10000
[2022-11-25 20:58:46] DEBUG: 	long_tip_length=100000
[2022-11-25 20:58:46] DEBUG: Running with k-mer size: 17
[2022-11-25 20:58:46] DEBUG: Selected minimum overlap 3000
[2022-11-25 20:58:46] DEBUG: Metagenome mode: Y
[2022-11-25 20:58:46] INFO: Parsing disjointigs
[2022-11-25 20:58:46] DEBUG: Building positional index
[2022-11-25 20:58:46] DEBUG: Total sequence: 101982 bp
[2022-11-25 20:58:46] INFO: Building repeat graph
[2022-11-25 20:58:46] DEBUG: Mean k-mer frequency: 1.18913
[2022-11-25 20:58:46] DEBUG: Repetitive k-mer frequency: 118
[2022-11-25 20:58:46] DEBUG: Filtered 0 repetitive k-mers (0)
[2022-11-25 20:58:46] DEBUG: Sorting k-mer index
[2022-11-25 20:58:46] DEBUG: Selected k-mers: 28519
[2022-11-25 20:58:46] DEBUG: K-mer index size: 33914
[2022-11-25 20:58:46] DEBUG: Mean k-mer frequency: 1.18917
[2022-11-25 20:58:46] DEBUG: Minimizer rate: 3.00708
[2022-11-25 20:58:46] DEBUG: Computing transitive closure for overlaps
[2022-11-25 20:58:46] DEBUG: Found 0 overlaps
[2022-11-25 20:58:46] DEBUG: Left 0 overlaps after filtering
[2022-11-25 20:58:46] INFO: Median overlap divergence: 0.295511
[2022-11-25 20:58:46] DEBUG: Sequence divergence distribution: 

    |      |                                                    *                                        
    |      |                                                    *                                        
    |      |                                                    *                                        
    |      |                                                    *                                        
    |      |                                                    *                                        
    |      |                                                    *                                        
    |      |                                                    *                                        
    |      |                                                    *                                        
    |      |                                                    *                                        
    |      |                                                    *                                        
    |      |                                                    *                                        
    |      |                                                    *                                        
    |      |                                                    *                                        
    |      |                                                    *                                        
    |      |                                                    *                                        
    |      |                                                    *                                        
    |      |                                                    *                                        
    |      |                                                    *                                        
    |      |                                                    *                                        
    |      |                                                    *                                        
    ----------------------------------------------------------------------------------------------------
    0%        5%        10%       15%       20%       25%       30%       35%       40%       45%       

    Q25 = 0.3, Q50 = 0.3, Q75 = 0.3

[2022-11-25 20:58:46] DEBUG: Computing gluepoints
[2022-11-25 20:58:46] DEBUG: Added 0 gluepoint projections
[2022-11-25 20:58:46] DEBUG: Created 36 gluepoints
[2022-11-25 20:58:46] DEBUG: Artificial loops removed: 0 left, 0 right, 0 both
[2022-11-25 20:58:46] DEBUG: Initializing edges
[2022-11-25 20:58:46] DEBUG: Edges length checksum: 1801674149
[2022-11-25 20:58:46] DEBUG: Filtered 0 singleton segments
[2022-11-25 20:58:46] DEBUG: Removed 0 simple and 0 double chimeric junctions
[2022-11-25 20:58:46] DEBUG: Collapsed 0 edges
[2022-11-25 20:58:46] DEBUG: *	1	+disjointig_1	0	33323	33323	
[2022-11-25 20:58:46] DEBUG: *	2	+disjointig_2	0	5817	5817	
[2022-11-25 20:58:46] DEBUG: *	3	+disjointig_3	0	10039	10039	
[2022-11-25 20:58:46] DEBUG: *	4	+disjointig_4	0	4619	4619	
[2022-11-25 20:58:46] DEBUG: *	5	+disjointig_5	0	7212	7212	
[2022-11-25 20:58:46] DEBUG: *	6	+disjointig_6	0	7340	7340	
[2022-11-25 20:58:46] DEBUG: *	7	+disjointig_7	0	16115	16115	
[2022-11-25 20:58:46] DEBUG: *	8	+disjointig_8	0	5886	5886	
[2022-11-25 20:58:46] DEBUG: *	9	+disjointig_9	0	11622	11622	
[2022-11-25 20:58:46] DEBUG: Total edges: 9
[2022-11-25 20:58:46] INFO: Parsing reads
[2022-11-25 20:58:46] DEBUG: Building positional index
[2022-11-25 20:58:46] DEBUG: Total sequence: 13595653 bp
[2022-11-25 20:58:46] DEBUG: Building positional index
[2022-11-25 20:58:46] DEBUG: Total sequence: 101973 bp
[2022-11-25 20:58:46] INFO: Aligning reads to the graph
[2022-11-25 20:58:46] DEBUG: Mean k-mer frequency: 1.18903
[2022-11-25 20:58:46] DEBUG: Repetitive k-mer frequency: 118
[2022-11-25 20:58:46] DEBUG: Filtered 0 repetitive k-mers (0)
[2022-11-25 20:58:46] DEBUG: Sorting k-mer index
[2022-11-25 20:58:46] DEBUG: Selected k-mers: 28518
[2022-11-25 20:58:46] DEBUG: K-mer index size: 33910
[2022-11-25 20:58:46] DEBUG: Mean k-mer frequency: 1.18907
[2022-11-25 20:58:46] DEBUG: Minimizer rate: 3.00717
[2022-11-25 20:58:47] DEBUG: Total reads : 1359
[2022-11-25 20:58:47] DEBUG: Read with aligned parts : 24
[2022-11-25 20:58:47] DEBUG: Aligned in one piece : 23
[2022-11-25 20:58:47] INFO: Aligned read sequence: 166359 / 11960150 (0.0139094)
[2022-11-25 20:58:47] INFO: Median overlap divergence: 0.339856
[2022-11-25 20:58:47] DEBUG: Sequence divergence distribution: 

    |                    |                                                   *                           
    |                    |                                                   *                           
    |                    |                                                   *                           
    |                    |                                                   *                           
    |                    |                                                   *                           
    |                    |                                                   *                           
    |                    |                                                   *                           
    |                    |                                                   *                           
    |                    |                                                 ***                           
    |                    |                                                 ***                           
    |                    |                                                 ***                           
    |           * *      |                                                **** *                         
    |           * *      |                                                **** *                         
    |           ***      |                                               ***** **                        
    |           ***      |                                               ***** **                        
    |     *   * ***     *|                                             ********** *                      
    |     *   * ***     *|                                             ********** *                      
    |  *  ** ********** *|**  ** ***        *                        ************ **                     
    |  *  ** ********** *|**  ** ***        *                        ************ **                     
    |  *  ** ********** *|**  ** ***        *                        ************ **                     
    ----------------------------------------------------------------------------------------------------
    0%        5%        10%       15%       20%       25%       30%       35%       40%       45%       

    Q25 = 0.073, Q50 = 0.34, Q75 = 0.36

[2022-11-25 20:58:47] INFO: Mean edge coverage: 1
[2022-11-25 20:58:47] DEBUG: 1	len:33323	cov:1	mult:1
[2022-11-25 20:58:47] DEBUG: -1	len:33323	cov:1	mult:1
[2022-11-25 20:58:47] DEBUG: 2	len:5817	cov:1	mult:1
[2022-11-25 20:58:47] DEBUG: -2	len:5817	cov:1	mult:1
[2022-11-25 20:58:47] DEBUG: 3	len:10039	cov:1	mult:1
[2022-11-25 20:58:47] DEBUG: -3	len:10039	cov:1	mult:1
[2022-11-25 20:58:47] DEBUG: 4	len:4619	cov:0	mult:0
[2022-11-25 20:58:47] DEBUG: -4	len:4619	cov:0	mult:0
[2022-11-25 20:58:47] DEBUG: 5	len:7212	cov:2	mult:2
[2022-11-25 20:58:47] DEBUG: -5	len:7212	cov:2	mult:2
[2022-11-25 20:58:47] DEBUG: 6	len:7340	cov:2	mult:2
[2022-11-25 20:58:47] DEBUG: -6	len:7340	cov:2	mult:2
[2022-11-25 20:58:47] DEBUG: 7	len:16115	cov:1	mult:1
[2022-11-25 20:58:47] DEBUG: -7	len:16115	cov:1	mult:1
[2022-11-25 20:58:47] DEBUG: 8	len:5886	cov:2	mult:2
[2022-11-25 20:58:47] DEBUG: -8	len:5886	cov:2	mult:2
[2022-11-25 20:58:47] DEBUG: 9	len:11622	cov:1	mult:1
[2022-11-25 20:58:47] DEBUG: -9	len:11622	cov:1	mult:1
[2022-11-25 20:58:47] DEBUG: Unique coverage threshold 1
[2022-11-25 20:58:47] INFO: Simplifying the graph
[2022-11-25 20:58:47] DEBUG: Read coverage cutoff: 3
[2022-11-25 20:58:47] DEBUG: [SIMPL] Removed 9 paths with low coverage
[2022-11-25 20:58:47] DEBUG: [SIMPL] Masked 0 heterozygous loops
[2022-11-25 20:58:47] DEBUG: [SIMPL] Masked 0 simple bubbles
[2022-11-25 20:58:47] DEBUG: [SIMPL] Masked 0 roundabouts
[2022-11-25 20:58:47] DEBUG: [SIMPL] Masked 0 superbubbles
[2022-11-25 20:58:47] DEBUG: Finding repeats
[2022-11-25 20:58:47] DEBUG: Read coverage cutoff: 3
[2022-11-25 20:58:47] DEBUG: Repeat detection iteration 1
[2022-11-25 20:58:47] DEBUG: Repeat detection iteration 2
[2022-11-25 20:58:47] DEBUG: Writing Dot
[2022-11-25 20:58:47] DEBUG: Writing FASTA
[2022-11-25 20:58:47] DEBUG: [SIMPL] Resolved 0 simple repeats
[2022-11-25 20:58:47] DEBUG: [SIMPL] == Iteration 1 ==
[2022-11-25 20:58:47] DEBUG: Splitting nodes
[2022-11-25 20:58:47] DEBUG: [SIMPL] Split 0 nodes
[2022-11-25 20:58:47] DEBUG: [SIMPL] Disconnected 0 minor paths
[2022-11-25 20:58:47] DEBUG: [SIMPL] Clipped 0 short and 0 long tips
[2022-11-25 20:58:47] DEBUG: [SIMPL] Masked 0 heterozygous loops
[2022-11-25 20:58:47] DEBUG: [SIMPL] Masked 0 simple bubbles
[2022-11-25 20:58:47] DEBUG: [SIMPL] Masked 0 roundabouts
[2022-11-25 20:58:47] DEBUG: [SIMPL] Masked 0 superbubbles
[2022-11-25 20:58:47] DEBUG: Finding repeats
[2022-11-25 20:58:47] DEBUG: Read coverage cutoff: 3
[2022-11-25 20:58:47] DEBUG: Repeat detection iteration 1
[2022-11-25 20:58:47] DEBUG: Repeat detection iteration 2
[2022-11-25 20:58:47] DEBUG: Total unique edges: 0
[2022-11-25 20:58:47] DEBUG: [SIMPL] Resolved repeats: 0
[2022-11-25 20:58:47] DEBUG: RR links: 0
[2022-11-25 20:58:47] DEBUG: Unresolved: 0
[2022-11-25 20:58:47] DEBUG: Removed 0 simple and 0 double chimeric junctions
[2022-11-25 20:58:47] DEBUG: [SIMPL] Simplified 0 forks
[2022-11-25 20:58:47] DEBUG: [SIMPL] Collapsed 0 haplotypes
[2022-11-25 20:58:47] DEBUG: [SIMPL] Resolved 0 simple repeats
[2022-11-25 20:58:47] DEBUG: Read coverage cutoff: 3
[2022-11-25 20:58:47] DEBUG: [SIMPL] Removed 0 paths with low coverage
[2022-11-25 20:58:47] DEBUG: Finding repeats
[2022-11-25 20:58:47] DEBUG: Read coverage cutoff: 3
[2022-11-25 20:58:47] DEBUG: Repeat detection iteration 1
[2022-11-25 20:58:47] DEBUG: Repeat detection iteration 2
[2022-11-25 20:58:47] DEBUG: Writing Dot
[2022-11-25 20:58:47] DEBUG: Writing FASTA
[2022-11-25 20:58:47] DEBUG: Peak RAM usage: 0 Gb
-----------End assembly log------------
[2022-11-25 20:58:47] root: INFO: >>>STAGE: contigger
[2022-11-25 20:58:47] root: INFO: Generating contigs
[2022-11-25 20:58:47] root: DEBUG: -----Begin contigger analyser log------
[2022-11-25 20:58:47] root: DEBUG: Running: flye-modules contigger --graph-edges /home/cinnet/Desktop/Website/Lymra-Ont/assembly/flye_sample_01/20-repeat/repeat_graph_edges.fasta --reads /home/cinnet/Desktop/Website/Lymra-Ont/trimmed/sample_01_viral_reads.fastq --out-dir /home/cinnet/Desktop/Website/Lymra-Ont/assembly/flye_sample_01/30-contigger --config /home/cinnet/Desktop/Website/Lymra-Ont/.snakemake/conda/97b417a583355458b412a15728aaaa8f_/lib/python3.10/site-packages/flye/config/bin_cfg/asm_corrected_reads.cfg --repeat-graph /home/cinnet/Desktop/Website/Lymra-Ont/assembly/flye_sample_01/20-repeat/repeat_graph_dump --graph-aln /home/cinnet/Desktop/Website/Lymra-Ont/assembly/flye_sample_01/20-repeat/read_alignment_dump --log /home/cinnet/Desktop/Website/Lymra-Ont/assembly/flye_sample_01/flye.log --threads 8 --min-ovlp 3000
[2022-11-25 20:58:47] DEBUG: Build date: Aug 15 2022 20:39:22
[2022-11-25 20:58:47] DEBUG: Total RAM: 15 Gb
[2022-11-25 20:58:47] DEBUG: Available RAM: 9 Gb
[2022-11-25 20:58:47] DEBUG: Total CPUs: 16
[2022-11-25 20:58:47] DEBUG: Loading /home/cinnet/Desktop/Website/Lymra-Ont/.snakemake/conda/97b417a583355458b412a15728aaaa8f_/lib/python3.10/site-packages/flye/config/bin_cfg/asm_corrected_reads.cfg
[2022-11-25 20:58:47] DEBUG: Loading /home/cinnet/Desktop/Website/Lymra-Ont/.snakemake/conda/97b417a583355458b412a15728aaaa8f_/lib/python3.10/site-packages/flye/config/bin_cfg/asm_defaults.cfg
[2022-11-25 20:58:47] DEBUG: 	big_genome_threshold=29000000
[2022-11-25 20:58:47] DEBUG: 	meta_read_filter_kmer_freq=100
[2022-11-25 20:58:47] DEBUG: 	chain_large_gap_penalty=2
[2022-11-25 20:58:47] DEBUG: 	chain_small_gap_penalty=0.5
[2022-11-25 20:58:47] DEBUG: 	chain_gap_jump_threshold=100
[2022-11-25 20:58:47] DEBUG: 	max_coverage_drop_rate=5
[2022-11-25 20:58:47] DEBUG: 	max_extensions_drop_rate=5
[2022-11-25 20:58:47] DEBUG: 	chimera_window=100
[2022-11-25 20:58:47] DEBUG: 	chimera_overhang=1000
[2022-11-25 20:58:47] DEBUG: 	min_reads_in_disjointig=4
[2022-11-25 20:58:47] DEBUG: 	max_inner_reads=10
[2022-11-25 20:58:47] DEBUG: 	max_inner_fraction=0.25
[2022-11-25 20:58:47] DEBUG: 	max_separation=500
[2022-11-25 20:58:47] DEBUG: 	unique_edge_length=50000
[2022-11-25 20:58:47] DEBUG: 	min_repeat_res_support=0.51
[2022-11-25 20:58:47] DEBUG: 	out_paths_ratio=5
[2022-11-25 20:58:47] DEBUG: 	graph_cov_drop_rate=5
[2022-11-25 20:58:47] DEBUG: 	coverage_estimate_window=100
[2022-11-25 20:58:47] DEBUG: 	max_bubble_length=50000
[2022-11-25 20:58:47] DEBUG: 	loop_coverage_rate=1.5
[2022-11-25 20:58:47] DEBUG: 	repeat_edge_cov_mult=1.75
[2022-11-25 20:58:47] DEBUG: 	weak_detach_rate=5
[2022-11-25 20:58:47] DEBUG: 	tip_coverage_rate=2
[2022-11-25 20:58:47] DEBUG: 	tip_length_rate=2
[2022-11-25 20:58:47] DEBUG: 	output_gfa_before_rr=0
[2022-11-25 20:58:47] DEBUG: 	remove_alt_edges=0
[2022-11-25 20:58:47] DEBUG: 	low_cutoff_warning=0
[2022-11-25 20:58:47] DEBUG: 	kmer_size=17
[2022-11-25 20:58:47] DEBUG: 	use_minimizers=1
[2022-11-25 20:58:47] DEBUG: 	minimizer_window=5
[2022-11-25 20:58:47] DEBUG: 	reads_base_alignment=1
[2022-11-25 20:58:47] DEBUG: 	meta_read_top_kmer_rate=0.75
[2022-11-25 20:58:47] DEBUG: 	maximum_jump=1500
[2022-11-25 20:58:47] DEBUG: 	maximum_overhang=500
[2022-11-25 20:58:47] DEBUG: 	repeat_kmer_rate=100
[2022-11-25 20:58:47] DEBUG: 	assemble_ovlp_divergence=0.03
[2022-11-25 20:58:47] DEBUG: 	assemble_divergence_relative=1
[2022-11-25 20:58:47] DEBUG: 	repeat_graph_ovlp_divergence=0.03
[2022-11-25 20:58:47] DEBUG: 	read_align_ovlp_divergence=0.10
[2022-11-25 20:58:47] DEBUG: 	hpc_scoring_on=1
[2022-11-25 20:58:47] DEBUG: 	add_unassembled_reads=0
[2022-11-25 20:58:47] DEBUG: 	extend_contigs_with_repeats=0
[2022-11-25 20:58:47] DEBUG: 	min_read_cov_cutoff=3
[2022-11-25 20:58:47] DEBUG: 	short_tip_length=10000
[2022-11-25 20:58:47] DEBUG: 	long_tip_length=100000
[2022-11-25 20:58:47] DEBUG: Running with k-mer size: 17
[2022-11-25 20:58:47] DEBUG: Selected minimum overlap 3000
[2022-11-25 20:58:47] INFO: Reading sequences
[2022-11-25 20:58:47] DEBUG: Building positional index
[2022-11-25 20:58:47] DEBUG: Total sequence: 13595653 bp
[2022-11-25 20:58:47] DEBUG: Flipped 0
[2022-11-25 20:58:47] DEBUG: Final graph contains 0 egdes
[2022-11-25 20:58:47] DEBUG: Extending contigs into repeats
[2022-11-25 20:58:47] DEBUG: Covered 0 repetitive contigs
[2022-11-25 20:58:47] INFO: Generated 0 contigs
[2022-11-25 20:58:47] DEBUG: Writing FASTA
[2022-11-25 20:58:47] DEBUG: Generating scaffold connections
[2022-11-25 20:58:47] INFO: Added 0 scaffold connections
[2022-11-25 20:58:47] DEBUG: Writing Dot
[2022-11-25 20:58:47] DEBUG: Writing FASTA
[2022-11-25 20:58:47] DEBUG: Writing Gfa
[2022-11-25 20:58:47] DEBUG: Peak RAM usage: 0 Gb
-----------End assembly log------------
[2022-11-25 20:58:47] root: ERROR: No contigs were assembled - pipeline stopped
[2022-11-25 20:58:47] root: ERROR: Pipeline aborted
